<?xml version="1.0" encoding="UTF-8"?>
<!-- Generated by org.testng.reporters.JUnitReportReporter -->
<testsuite hostname="BCT-LTP-138" name="SeleniumDay15_DependsOnMethod.SecondClass" tests="1" failures="0" timestamp="10 Aug 2022 14:13:08 GMT" time="5.015" errors="0">
  <testcase name="tc2" time="5.015" classname="SeleniumDay15_DependsOnMethod.SecondClass"/>
</testsuite> <!-- SeleniumDay15_DependsOnMethod.SecondClass -->
