<?xml version="1.0" encoding="UTF-8"?>
<!-- Generated by org.testng.reporters.JUnitReportReporter -->
<testsuite hostname="BCT-LTP-138" name="SeleniumDay14_Annotations.TestClass1" tests="2" failures="0" timestamp="9 Aug 2022 14:00:46 GMT" time="0.007" errors="0">
  <testcase name="tc3" time="0.005" classname="SeleniumDay14_Annotations.TestClass1"/>
  <testcase name="tc4" time="0.002" classname="SeleniumDay14_Annotations.TestClass1"/>
</testsuite> <!-- SeleniumDay14_Annotations.TestClass1 -->
