<?xml version="1.0" encoding="UTF-8"?>
<!-- Generated by org.testng.reporters.JUnitReportReporter -->
<testsuite hostname="BCT-LTP-138" name="SeleniumDay16_DataProvider.LoginTestCase" tests="4" failures="0" timestamp="16 Aug 2022 14:02:09 GMT" time="36.688" errors="0">
  <testcase name="verifyLogin" time="8.978" classname="SeleniumDay16_DataProvider.LoginTestCase"/>
  <testcase name="verifyLogin" time="9.791" classname="SeleniumDay16_DataProvider.LoginTestCase"/>
  <testcase name="verifyLogin" time="9.237" classname="SeleniumDay16_DataProvider.LoginTestCase"/>
  <testcase name="verifyLogin" time="8.682" classname="SeleniumDay16_DataProvider.LoginTestCase"/>
</testsuite> <!-- SeleniumDay16_DataProvider.LoginTestCase -->
