<?xml version="1.0" encoding="UTF-8"?>
<!-- Generated by org.testng.reporters.JUnitReportReporter -->
<testsuite hostname="BCT-LTP-138" name="SeleniumDay13_TestNg.AdvanceExample" tests="4" failures="0" timestamp="8 Aug 2022 14:14:45 GMT" time="0.008" errors="0">
  <testcase name="method3" time="0.002" classname="SeleniumDay13_TestNg.AdvanceExample"/>
  <testcase name="method1" time="0.002" classname="SeleniumDay13_TestNg.AdvanceExample"/>
  <testcase name="method10" time="0.002" classname="SeleniumDay13_TestNg.AdvanceExample"/>
  <testcase name="method2" time="0.002" classname="SeleniumDay13_TestNg.AdvanceExample"/>
</testsuite> <!-- SeleniumDay13_TestNg.AdvanceExample -->
