<?xml version="1.0" encoding="UTF-8"?>
<!-- Generated by org.testng.reporters.JUnitReportReporter -->
<testsuite hostname="BCT-LTP-138" name="SeleniumDay13_TestNg.InovationCountDemo" tests="5" failures="0" timestamp="8 Aug 2022 14:14:45 GMT" time="0.011" errors="0">
  <testcase name="m1" time="0.001" classname="SeleniumDay13_TestNg.InovationCountDemo"/>
  <testcase name="m1" time="0.002" classname="SeleniumDay13_TestNg.InovationCountDemo"/>
  <testcase name="m1" time="0.003" classname="SeleniumDay13_TestNg.InovationCountDemo"/>
  <testcase name="m1" time="0.003" classname="SeleniumDay13_TestNg.InovationCountDemo"/>
  <testcase name="m1" time="0.002" classname="SeleniumDay13_TestNg.InovationCountDemo"/>
</testsuite> <!-- SeleniumDay13_TestNg.InovationCountDemo -->
