<?xml version="1.0" encoding="UTF-8"?>
<!-- Generated by org.testng.reporters.JUnitReportReporter -->
<testsuite hostname="BCT-LTP-138" name="SeleniumDay14_Annotations.AssertTrueDemo" tests="1" failures="0" timestamp="9 Aug 2022 14:24:20 GMT" time="10.741" errors="0">
  <testcase name="verifyLogin" time="10.741" classname="SeleniumDay14_Annotations.AssertTrueDemo"/>
</testsuite> <!-- SeleniumDay14_Annotations.AssertTrueDemo -->
