<?xml version="1.0" encoding="UTF-8"?>
<!-- Generated by org.testng.reporters.JUnitReportReporter -->
<testsuite hostname="BCT-LTP-138" name="SeleniumDay13_TestNg.MultipleTestCaseExecution" tests="3" failures="0" timestamp="8 Aug 2022 14:14:45 GMT" time="0.005" errors="0">
  <testcase name="cmethod" time="0.001" classname="SeleniumDay13_TestNg.MultipleTestCaseExecution"/>
  <testcase name="bmethod" time="0.002" classname="SeleniumDay13_TestNg.MultipleTestCaseExecution"/>
  <testcase name="amethod" time="0.002" classname="SeleniumDay13_TestNg.MultipleTestCaseExecution"/>
</testsuite> <!-- SeleniumDay13_TestNg.MultipleTestCaseExecution -->
