<?xml version="1.0" encoding="UTF-8"?>
<!-- Generated by org.testng.reporters.JUnitReportReporter -->
<testsuite hostname="BCT-LTP-138" name="SeleniumDay18_POMClassBy.LoginTestCase" tests="1" failures="0" timestamp="19 Aug 2022 14:22:04 GMT" time="1.086" errors="0">
  <testcase name="verifyLogin" time="1.086" classname="SeleniumDay18_POMClassBy.LoginTestCase"/>
</testsuite> <!-- SeleniumDay18_POMClassBy.LoginTestCase -->
