<?xml version="1.0" encoding="UTF-8"?>
<!-- Generated by org.testng.reporters.JUnitReportReporter -->
<testsuite hostname="BCT-LTP-138" name="SeleniumDay14_Annotations.TestClass" tests="2" failures="0" timestamp="9 Aug 2022 14:00:46 GMT" time="0.013" errors="0">
  <testcase name="tc1" time="0.009" classname="SeleniumDay14_Annotations.TestClass"/>
  <testcase name="tc2" time="0.004" classname="SeleniumDay14_Annotations.TestClass"/>
</testsuite> <!-- SeleniumDay14_Annotations.TestClass -->
