<?xml version="1.0" encoding="UTF-8"?>
<!-- Generated by org.testng.reporters.JUnitReportReporter -->
<testsuite hostname="BCT-LTP-138" name="SeleniumDay14_Annotations.EnableDemo" tests="2" failures="0" timestamp="9 Aug 2022 13:41:08 GMT" time="0.016" errors="0">
  <testcase name="login" time="0.013" classname="SeleniumDay14_Annotations.EnableDemo"/>
  <testcase name="logout" time="0.003" classname="SeleniumDay14_Annotations.EnableDemo"/>
</testsuite> <!-- SeleniumDay14_Annotations.EnableDemo -->
