<?xml version="1.0" encoding="UTF-8"?>
<!-- Generated by org.testng.reporters.JUnitReportReporter -->
<testsuite hostname="BCT-LTP-138" name="SeleniumDay18_POMClassBy.AddUserTestScript" tests="1" failures="0" timestamp="18 Aug 2022 14:27:09 GMT" time="3.184" errors="0">
  <testcase name="verifyAddUser" time="3.184" classname="SeleniumDay18_POMClassBy.AddUserTestScript"/>
</testsuite> <!-- SeleniumDay18_POMClassBy.AddUserTestScript -->
