<?xml version="1.0" encoding="UTF-8"?>
<!-- Generated by org.testng.reporters.JUnitReportReporter -->
<testsuite hostname="BCT-LTP-138" name="SeleniumDay14_Annotations.AssertFalseDemo" tests="1" failures="0" timestamp="9 Aug 2022 14:27:26 GMT" time="7.410" errors="0">
  <testcase name="verifyLogin" time="7.410" classname="SeleniumDay14_Annotations.AssertFalseDemo"/>
</testsuite> <!-- SeleniumDay14_Annotations.AssertFalseDemo -->
