<?xml version="1.0" encoding="UTF-8"?>
<!-- Generated by org.testng.reporters.JUnitReportReporter -->
<testsuite hostname="BCT-LTP-138" name="SeleniumDay15_DependsOnMethod.GroupingDemo" tests="2" failures="0" timestamp="10 Aug 2022 14:24:30 GMT" time="0.016" errors="0">
  <testcase name="tc1" time="0.015" classname="SeleniumDay15_DependsOnMethod.GroupingDemo"/>
  <testcase name="tc2" time="0.001" classname="SeleniumDay15_DependsOnMethod.GroupingDemo"/>
</testsuite> <!-- SeleniumDay15_DependsOnMethod.GroupingDemo -->
