<?xml version="1.0" encoding="UTF-8"?>
<!-- Generated by org.testng.reporters.JUnitReportReporter -->
<testsuite hostname="BCT-LTP-138" name="SeleniumDay13_TestNg.TestngDemo" tests="2" failures="0" timestamp="8 Aug 2022 14:14:45 GMT" time="27.749" errors="0">
  <testcase name="m1" time="0.001" classname="SeleniumDay13_TestNg.TestngDemo"/>
  <testcase name="verifyHomePage" time="27.748" classname="SeleniumDay13_TestNg.TestngDemo"/>
</testsuite> <!-- SeleniumDay13_TestNg.TestngDemo -->
