<?xml version="1.0" encoding="UTF-8"?>
<!-- Generated by org.testng.reporters.JUnitReportReporter -->
<testsuite hostname="BCT-LTP-138" name="SeleniumDay19_CrossBrowserTesting.TestScript" tests="1" failures="0" timestamp="23 Aug 2022 13:50:14 GMT" time="6.640" errors="0">
  <testcase name="verifyLogin" time="6.640" classname="SeleniumDay19_CrossBrowserTesting.TestScript"/>
</testsuite> <!-- SeleniumDay19_CrossBrowserTesting.TestScript -->
